    Updating crates.io index
  Installing starship v1.14.2
    Blocking waiting for file lock on package cache
    Updating crates.io index
    Blocking waiting for file lock on package cache
    Blocking waiting for file lock on package cache
   Compiling libc v0.2.142
   Compiling autocfg v1.1.0
   Compiling proc-macro2 v1.0.56
   Compiling unicode-ident v1.0.8
   Compiling quote v1.0.26
   Compiling cfg-if v1.0.0
   Compiling once_cell v1.17.1
   Compiling memchr v2.5.0
   Compiling version_check v0.9.4
   Compiling thiserror v1.0.40
   Compiling crossbeam-utils v0.8.15
   Compiling scopeguard v1.1.0
   Compiling bitflags v1.3.2
   Compiling typenum v1.16.0
   Compiling cc v1.0.79
   Compiling regex-automata v0.1.10
   Compiling hex v0.4.3
   Compiling time-core v0.1.1
   Compiling parking_lot_core v0.9.7
   Compiling io-lifetimes v1.0.10
   Compiling smallvec v1.10.0
   Compiling either v1.8.1
   Compiling rustix v0.37.19
   Compiling rayon-core v1.11.0
   Compiling crossbeam-queue v0.3.8
   Compiling linux-raw-sys v0.3.7
   Compiling cpufeatures v0.2.7
   Compiling itoa v1.0.6
   Compiling crc32fast v1.3.2
   Compiling num_threads v0.1.6
   Compiling adler v1.0.2
   Compiling fastrand v1.9.0
   Compiling same-file v1.0.6
   Compiling minimal-lexical v0.2.1
   Compiling miniz_oxide v0.7.1
   Compiling prodash v23.1.2
   Compiling sha1_smol v1.0.0
   Compiling walkdir v2.3.3
   Compiling time-macros v0.2.9
   Compiling serde_derive v1.0.162
   Compiling serde v1.0.162
   Compiling futures-core v0.3.28
   Compiling log v0.4.17
   Compiling signal-hook v0.3.15
   Compiling syn v1.0.109
   Compiling pin-project-lite v0.2.9
   Compiling static_assertions v1.1.0
   Compiling hashbrown v0.13.2
   Compiling hashbrown v0.12.3
   Compiling event-listener v2.5.3
   Compiling toml_datetime v0.6.1
   Compiling futures-io v0.3.28
   Compiling winnow v0.4.6
   Compiling gix-utils v0.1.1
   Compiling cmake v0.1.50
   Compiling generic-array v0.14.7
   Compiling ahash v0.7.6
   Compiling memoffset v0.8.0
   Compiling crossbeam-epoch v0.9.14
   Compiling lock_api v0.4.9
   Compiling num-traits v0.2.15
   Compiling indexmap v1.9.3
   Compiling memoffset v0.7.1
   Compiling slab v0.4.8
   Compiling ahash v0.8.3
   Compiling tinyvec_macros v0.1.1
   Compiling unicode-xid v0.2.4
   Compiling parking v2.1.0
   Compiling waker-fn v1.1.0
   Compiling tinyvec v1.6.0
   Compiling async-lock v2.7.0
   Compiling crossbeam-channel v0.5.8
   Compiling concurrent-queue v2.2.0
   Compiling polling v2.8.0
   Compiling unicase v2.6.0
   Compiling unicode-bidi v0.3.13
   Compiling futures-task v0.3.28
   Compiling percent-encoding v2.2.0
   Compiling async-task v4.4.0
   Compiling utf8parse v0.2.1
   Compiling async-channel v1.8.0
   Compiling async-fs v1.6.0
   Compiling syn v2.0.15
   Compiling bstr v1.4.0
   Compiling nom v7.1.3
   Compiling futures-lite v1.13.0
   Compiling anstyle-parse v0.2.0
   Compiling form_urlencoded v1.1.0
   Compiling crossbeam-deque v0.8.3
   Compiling async-io v1.13.0
   Compiling atomic-waker v1.1.1
   Compiling futures-util v0.3.28
   Compiling byteorder v1.4.3
   Compiling anstyle v1.0.0
   Compiling arrayvec v0.7.2
   Compiling const_format_proc_macros v0.2.29
   Compiling regex-syntax v0.7.1
   Compiling ppv-lite86 v0.2.17
   Compiling sha1-asm v0.5.1
   Compiling libz-ng-sys v1.1.9
   Compiling aho-corasick v1.0.1
   Compiling anstyle-query v1.0.0
   Compiling ucd-trie v0.1.5
   Compiling colorchoice v1.0.0
   Compiling unicode-bom v1.1.4
   Compiling async-trait v0.1.68
   Compiling uluru v3.0.0
   Compiling gix-glob v0.5.5
   Compiling gix-command v0.2.4
   Compiling crossbeam v0.8.2
   Compiling num-integer v0.1.45
   Compiling tracing-core v0.1.30
   Compiling strsim v0.10.0
   Compiling unicode-normalization v0.1.22
   Compiling clru v0.6.1
   Compiling unicode-width v0.1.10
   Compiling pin-utils v0.1.0
   Compiling is_debug v1.0.1
   Compiling home v0.5.5
   Compiling heck v0.4.1
   Compiling futures-sink v0.3.28
   Compiling clap_lex v0.4.1
   Compiling async-broadcast v0.5.1
   Compiling ordered-stream v0.2.0
   Compiling is-docker v0.2.0
   Compiling serde_json v1.0.96
   Compiling num_cpus v1.15.0
   Compiling getrandom v0.2.9
   Compiling signal-hook-registry v1.4.1
   Compiling memmap2 v0.5.10
   Compiling nix v0.26.2
   Compiling gix-sec v0.6.2
   Compiling blocking v1.3.1
   Compiling filetime v0.2.21
   Compiling time v0.3.21
   Compiling socket2 v0.4.9
   Compiling parking_lot v0.12.1
   Compiling block-buffer v0.10.4
   Compiling crypto-common v0.1.6
   Compiling btoi v0.4.3
   Compiling rand_core v0.6.4
   Compiling idna v0.3.0
   Compiling async-executor v1.5.1
   Compiling digest v0.10.6
   Compiling toml_edit v0.19.8
   Compiling rand_chacha v0.3.1
   Compiling io-close v0.3.7
   Compiling dlv-list v0.3.0
   Compiling starship-battery v0.7.9
   Compiling sha1 v0.10.5
   Compiling dunce v1.0.4
   Compiling process_control v4.0.3
   Compiling const_format v0.2.30
   Compiling rayon v1.7.0
   Compiling rand v0.8.5
   Compiling arc-swap v1.6.0
   Compiling semver v1.0.17
   Compiling url v2.3.1
   Compiling uom v0.30.0
   Compiling is-wsl v0.4.0
   Compiling errno v0.2.8
   Compiling dirs-sys-next v0.1.2
   Compiling itertools v0.10.5
   Compiling lazy_static v1.4.0
   Compiling linked-hash-map v0.5.6
   Compiling iana-time-zone v0.1.56
   Compiling pathdiff v0.2.1
   Compiling ryu v1.0.13
   Compiling bytesize v1.2.0
   Compiling lazycell v1.3.0
   Compiling open v4.1.0
   Compiling regex v1.8.1
   Compiling chrono v0.4.24
   Compiling imara-diff v0.1.5
   Compiling ordered-multimap v0.4.3
   Compiling dirs-next v2.0.0
   Compiling yaml-rust v0.4.5
   Compiling guess_host_triple v0.1.3
   Compiling gethostname v0.4.2
   Compiling which v4.4.0
   Compiling quick-xml v0.28.2
   Compiling nu-ansi-term v0.47.0
   Compiling urlencoding v2.1.2
   Compiling shell-words v1.1.0
   Compiling path-slash v0.2.1
   Compiling proc-macro-crate v1.3.1
   Compiling xdg-home v1.0.0
   Compiling rust-ini v0.18.0
   Compiling unicode-segmentation v1.10.1
   Compiling systemstat v0.2.3
   Compiling shadow-rs v0.21.0
   Compiling tempfile v3.5.0
   Compiling is-terminal v0.4.7
   Compiling terminal_size v0.2.6
   Compiling anstream v0.3.2
   Compiling clap_builder v4.2.7
   Compiling starship v1.14.2
   Compiling zvariant_utils v1.0.0
   Compiling versions v4.1.0
   Compiling jwalk v0.8.1
   Compiling zvariant_derive v3.12.0
   Compiling zbus_macros v3.12.0
   Compiling derivative v2.2.0
   Compiling thiserror-impl v1.0.40
   Compiling enumflags2_derive v0.7.7
   Compiling tracing-attributes v0.1.24
   Compiling async-recursion v1.0.4
   Compiling clap_derive v4.2.0
   Compiling serde_repr v0.1.12
   Compiling tracing v0.1.37
   Compiling gix-hash v0.10.4
   Compiling gix-date v0.4.3
   Compiling gix-validate v0.7.4
   Compiling gix-path v0.7.3
   Compiling gix-hash v0.11.1
   Compiling gix-quote v0.4.3
   Compiling gix-bitmap v0.2.3
   Compiling gix-chunk v0.4.1
   Compiling pest v2.6.0
   Compiling gix-config-value v0.10.2
   Compiling gix-hashtable v0.1.3
   Compiling gix-actor v0.19.0
   Compiling gix-features v0.29.0
   Compiling gix-mailmap v0.11.0
   Compiling gix-fs v0.1.1
   Compiling gix-prompt v0.3.3
   Compiling gix-tempfile v5.0.3
   Compiling gix-lock v5.0.1
   Compiling clap v4.2.7
   Compiling clap_complete v4.2.1
   Compiling pest_meta v2.6.0
   Compiling pest_generator v2.6.0
   Compiling pest_derive v2.6.0
   Compiling enumflags2 v0.7.7
   Compiling serde_spanned v0.6.1
   Compiling os_info v3.7.0
   Compiling zvariant v3.12.0
   Compiling zbus_names v2.5.0
   Compiling flate2 v1.0.26
   Compiling zbus v3.12.0
   Compiling gix-features v0.28.1
   Compiling toml v0.7.3
   Compiling gix-object v0.28.0
   Compiling gix-attributes v0.10.0
   Compiling gix-url v0.16.0
   Compiling gix-credentials v0.12.0
   Compiling gix-traverse v0.24.0
   Compiling gix-ref v0.27.2
   Compiling gix-diff v0.28.1
   Compiling gix-revision v0.12.2
   Compiling gix-pack v0.33.2
   Compiling gix-index v0.15.1
   Compiling gix-refspec v0.9.0
   Compiling gix-worktree v0.15.2
   Compiling gix-config v0.20.1
   Compiling gix-discover v0.16.2
   Compiling gix-odb v0.43.1
   Compiling gix v0.43.1
   Compiling notify-rust v4.8.0
    Finished release [optimized] target(s) in 1m 37s
   Replacing /home/odin/.cargo/bin/starship
    Replaced package `starship v1.14.2` with `starship v1.14.2` (executable `starship`)
